<?xml version="1.0" encoding="UTF-8"?>
<!-- Generated by org.testng.reporters.JUnitReportReporter -->
<testsuite hostname="nada-elsamahy" failures="0" tests="2" name="tests.RegisterationTest" time="4.529" errors="0" timestamp="2021-08-19T21:55:28 EET" skipped="0">
  <testcase classname="tests.RegisterationTest" name="RegisteredUserCanLogout" time="0.658"/>
  <system-out/>
  <testcase classname="tests.RegisterationTest" name="UserCanRegisterSuccssfully" time="3.871"/>
  <system-out/>
</testsuite> <!-- tests.RegisterationTest -->
